0 info it worked if it ends with ok
1 verbose cli [ '/usr/local/Cellar/node/0.10.21/bin/node',
1 verbose cli   '/usr/local/bin/npm',
1 verbose cli   'install',
1 verbose cli   '-g',
1 verbose cli   'ios-deploy' ]
2 info using npm@1.3.11
3 info using node@v0.10.21
4 verbose cache add [ 'ios-deploy', null ]
5 verbose cache add name=undefined spec="ios-deploy" args=["ios-deploy",null]
6 verbose parsed url { protocol: null,
6 verbose parsed url   slashes: null,
6 verbose parsed url   auth: null,
6 verbose parsed url   host: null,
6 verbose parsed url   port: null,
6 verbose parsed url   hostname: null,
6 verbose parsed url   hash: null,
6 verbose parsed url   search: null,
6 verbose parsed url   query: null,
6 verbose parsed url   pathname: 'ios-deploy',
6 verbose parsed url   path: 'ios-deploy',
6 verbose parsed url   href: 'ios-deploy' }
7 silly lockFile 69149c11-ios-deploy ios-deploy
8 verbose lock ios-deploy /Users/nfento/.npm/69149c11-ios-deploy.lock
9 silly lockFile 69149c11-ios-deploy ios-deploy
10 silly lockFile 69149c11-ios-deploy ios-deploy
11 verbose addNamed [ 'ios-deploy', '' ]
12 verbose addNamed [ null, '*' ]
13 silly lockFile 9c508a6b-ios-deploy ios-deploy@
14 verbose lock ios-deploy@ /Users/nfento/.npm/9c508a6b-ios-deploy.lock
15 silly addNameRange { name: 'ios-deploy', range: '*', hasData: false }
16 verbose url raw ios-deploy
17 verbose url resolving [ 'https://registry.npmjs.org/', './ios-deploy' ]
18 verbose url resolved https://registry.npmjs.org/ios-deploy
19 info trying registry request attempt 1 at 13:03:34
20 http GET https://registry.npmjs.org/ios-deploy
21 http 200 https://registry.npmjs.org/ios-deploy
22 silly registry.get cb [ 200,
22 silly registry.get   { date: 'Mon, 03 Feb 2014 18:03:21 GMT',
22 silly registry.get     server: 'CouchDB/1.5.0 (Erlang OTP/R16B)',
22 silly registry.get     etag: '"761N5SPUNK9Q6DL4AOMZ7NXXO"',
22 silly registry.get     'content-type': 'application/json',
22 silly registry.get     via: '1.1 varnish',
22 silly registry.get     'cache-control': 'max-age=1',
22 silly registry.get     'content-length': '12966',
22 silly registry.get     'accept-ranges': 'bytes',
22 silly registry.get     age: '15750',
22 silly registry.get     'x-served-by': 'cache-v37-ASH, cache-d96-DAL',
22 silly registry.get     'x-cache': 'MISS, MISS',
22 silly registry.get     'x-cache-hits': '0, 0',
22 silly registry.get     'x-timer': 'S1391449154.655063868,VS0,VS17,VE34,VE1447333',
22 silly registry.get     vary: 'Accept',
22 silly registry.get     'keep-alive': 'timeout=10, max=50',
22 silly registry.get     connection: 'Keep-Alive' } ]
23 silly addNameRange number 2 { name: 'ios-deploy', range: '*', hasData: true }
24 silly addNameRange versions [ 'ios-deploy', [ '1.0.1', '1.0.2', '1.0.3', '1.0.4' ] ]
25 verbose addNamed [ 'ios-deploy', '1.0.4' ]
26 verbose addNamed [ '1.0.4', '1.0.4' ]
27 silly lockFile 8b40e901-ios-deploy-1-0-4 ios-deploy@1.0.4
28 verbose lock ios-deploy@1.0.4 /Users/nfento/.npm/8b40e901-ios-deploy-1-0-4.lock
29 silly lockFile b5e1679b--ios-deploy-ios-deploy-1-0-4-tgz https://registry.npmjs.org/ios-deploy/-/ios-deploy-1.0.4.tgz
30 verbose lock https://registry.npmjs.org/ios-deploy/-/ios-deploy-1.0.4.tgz /Users/nfento/.npm/b5e1679b--ios-deploy-ios-deploy-1-0-4-tgz.lock
31 verbose addRemoteTarball [ 'https://registry.npmjs.org/ios-deploy/-/ios-deploy-1.0.4.tgz',
31 verbose addRemoteTarball   '401bd8bbdb52d52d65ce026c8b047b0435abb0a9' ]
32 info retry fetch attempt 1 at 13:03:35
33 verbose fetch to= /var/folders/32/7kd2549x6d7gy7kfwrx04pnwc8y9m8/T/npm-16794-BoNe1584/1391450615630-0.7889553548302501/tmp.tgz
34 http GET https://registry.npmjs.org/ios-deploy/-/ios-deploy-1.0.4.tgz
35 http 200 https://registry.npmjs.org/ios-deploy/-/ios-deploy-1.0.4.tgz
36 verbose tar unpack /var/folders/32/7kd2549x6d7gy7kfwrx04pnwc8y9m8/T/npm-16794-BoNe1584/1391450615630-0.7889553548302501/tmp.tgz
37 silly lockFile e9ff7f50-15630-0-7889553548302501-package tar:///var/folders/32/7kd2549x6d7gy7kfwrx04pnwc8y9m8/T/npm-16794-BoNe1584/1391450615630-0.7889553548302501/package
38 verbose lock tar:///var/folders/32/7kd2549x6d7gy7kfwrx04pnwc8y9m8/T/npm-16794-BoNe1584/1391450615630-0.7889553548302501/package /Users/nfento/.npm/e9ff7f50-15630-0-7889553548302501-package.lock
39 silly lockFile 9322e5f9-15630-0-7889553548302501-tmp-tgz tar:///var/folders/32/7kd2549x6d7gy7kfwrx04pnwc8y9m8/T/npm-16794-BoNe1584/1391450615630-0.7889553548302501/tmp.tgz
40 verbose lock tar:///var/folders/32/7kd2549x6d7gy7kfwrx04pnwc8y9m8/T/npm-16794-BoNe1584/1391450615630-0.7889553548302501/tmp.tgz /Users/nfento/.npm/9322e5f9-15630-0-7889553548302501-tmp-tgz.lock
41 silly gunzTarPerm modes [ '755', '644' ]
42 silly gunzTarPerm extractEntry package.json
43 silly gunzTarPerm extractEntry .npmignore
44 silly gunzTarPerm extractEntry README.md
45 silly gunzTarPerm extractEntry LICENSE
46 silly gunzTarPerm extractEntry Info.plist
47 silly gunzTarPerm extractEntry Makefile
48 silly gunzTarPerm extractEntry Entitlements.plist
49 silly gunzTarPerm extractEntry ResourceRules.plist
50 silly gunzTarPerm extractEntry demo.c
51 silly gunzTarPerm extractEntry ios-deploy.c
52 silly gunzTarPerm extractEntry MobileDevice.h
53 silly lockFile e9ff7f50-15630-0-7889553548302501-package tar:///var/folders/32/7kd2549x6d7gy7kfwrx04pnwc8y9m8/T/npm-16794-BoNe1584/1391450615630-0.7889553548302501/package
54 silly lockFile e9ff7f50-15630-0-7889553548302501-package tar:///var/folders/32/7kd2549x6d7gy7kfwrx04pnwc8y9m8/T/npm-16794-BoNe1584/1391450615630-0.7889553548302501/package
55 silly lockFile 9322e5f9-15630-0-7889553548302501-tmp-tgz tar:///var/folders/32/7kd2549x6d7gy7kfwrx04pnwc8y9m8/T/npm-16794-BoNe1584/1391450615630-0.7889553548302501/tmp.tgz
56 silly lockFile 9322e5f9-15630-0-7889553548302501-tmp-tgz tar:///var/folders/32/7kd2549x6d7gy7kfwrx04pnwc8y9m8/T/npm-16794-BoNe1584/1391450615630-0.7889553548302501/tmp.tgz
57 verbose tar pack [ '/Users/nfento/.npm/ios-deploy/1.0.4/package.tgz',
57 verbose tar pack   '/var/folders/32/7kd2549x6d7gy7kfwrx04pnwc8y9m8/T/npm-16794-BoNe1584/1391450615630-0.7889553548302501/package' ]
58 verbose tarball /Users/nfento/.npm/ios-deploy/1.0.4/package.tgz
59 verbose folder /var/folders/32/7kd2549x6d7gy7kfwrx04pnwc8y9m8/T/npm-16794-BoNe1584/1391450615630-0.7889553548302501/package
60 silly lockFile e9ff7f50-15630-0-7889553548302501-package tar:///var/folders/32/7kd2549x6d7gy7kfwrx04pnwc8y9m8/T/npm-16794-BoNe1584/1391450615630-0.7889553548302501/package
61 verbose lock tar:///var/folders/32/7kd2549x6d7gy7kfwrx04pnwc8y9m8/T/npm-16794-BoNe1584/1391450615630-0.7889553548302501/package /Users/nfento/.npm/e9ff7f50-15630-0-7889553548302501-package.lock
62 silly lockFile 87a8e268-npm-ios-deploy-1-0-4-package-tgz tar:///Users/nfento/.npm/ios-deploy/1.0.4/package.tgz
63 verbose lock tar:///Users/nfento/.npm/ios-deploy/1.0.4/package.tgz /Users/nfento/.npm/87a8e268-npm-ios-deploy-1-0-4-package-tgz.lock
64 silly lockFile e9ff7f50-15630-0-7889553548302501-package tar:///var/folders/32/7kd2549x6d7gy7kfwrx04pnwc8y9m8/T/npm-16794-BoNe1584/1391450615630-0.7889553548302501/package
65 silly lockFile e9ff7f50-15630-0-7889553548302501-package tar:///var/folders/32/7kd2549x6d7gy7kfwrx04pnwc8y9m8/T/npm-16794-BoNe1584/1391450615630-0.7889553548302501/package
66 silly lockFile 87a8e268-npm-ios-deploy-1-0-4-package-tgz tar:///Users/nfento/.npm/ios-deploy/1.0.4/package.tgz
67 silly lockFile 87a8e268-npm-ios-deploy-1-0-4-package-tgz tar:///Users/nfento/.npm/ios-deploy/1.0.4/package.tgz
68 silly lockFile bf6bcdf9-nto-npm-ios-deploy-1-0-4-package /Users/nfento/.npm/ios-deploy/1.0.4/package
69 verbose lock /Users/nfento/.npm/ios-deploy/1.0.4/package /Users/nfento/.npm/bf6bcdf9-nto-npm-ios-deploy-1-0-4-package.lock
70 silly lockFile bf6bcdf9-nto-npm-ios-deploy-1-0-4-package /Users/nfento/.npm/ios-deploy/1.0.4/package
71 silly lockFile bf6bcdf9-nto-npm-ios-deploy-1-0-4-package /Users/nfento/.npm/ios-deploy/1.0.4/package
72 verbose tar unpack /Users/nfento/.npm/ios-deploy/1.0.4/package.tgz
73 silly lockFile bbdc19ba-nto-npm-ios-deploy-1-0-4-package tar:///Users/nfento/.npm/ios-deploy/1.0.4/package
74 verbose lock tar:///Users/nfento/.npm/ios-deploy/1.0.4/package /Users/nfento/.npm/bbdc19ba-nto-npm-ios-deploy-1-0-4-package.lock
75 silly lockFile 87a8e268-npm-ios-deploy-1-0-4-package-tgz tar:///Users/nfento/.npm/ios-deploy/1.0.4/package.tgz
76 verbose lock tar:///Users/nfento/.npm/ios-deploy/1.0.4/package.tgz /Users/nfento/.npm/87a8e268-npm-ios-deploy-1-0-4-package-tgz.lock
77 silly gunzTarPerm modes [ '755', '644' ]
78 silly gunzTarPerm extractEntry package.json
79 silly gunzTarPerm extractEntry .npmignore
80 silly gunzTarPerm extractEntry README.md
81 silly gunzTarPerm extractEntry LICENSE
82 silly gunzTarPerm extractEntry Info.plist
83 silly gunzTarPerm extractEntry Makefile
84 silly gunzTarPerm extractEntry Entitlements.plist
85 silly gunzTarPerm extractEntry ResourceRules.plist
86 silly gunzTarPerm extractEntry demo.c
87 silly gunzTarPerm extractEntry ios-deploy.c
88 silly gunzTarPerm extractEntry MobileDevice.h
89 silly lockFile bbdc19ba-nto-npm-ios-deploy-1-0-4-package tar:///Users/nfento/.npm/ios-deploy/1.0.4/package
90 silly lockFile bbdc19ba-nto-npm-ios-deploy-1-0-4-package tar:///Users/nfento/.npm/ios-deploy/1.0.4/package
91 silly lockFile 87a8e268-npm-ios-deploy-1-0-4-package-tgz tar:///Users/nfento/.npm/ios-deploy/1.0.4/package.tgz
92 silly lockFile 87a8e268-npm-ios-deploy-1-0-4-package-tgz tar:///Users/nfento/.npm/ios-deploy/1.0.4/package.tgz
93 verbose chmod /Users/nfento/.npm/ios-deploy/1.0.4/package.tgz 644
94 verbose chown /Users/nfento/.npm/ios-deploy/1.0.4/package.tgz [ 412034696, 461641192 ]
95 silly lockFile b5e1679b--ios-deploy-ios-deploy-1-0-4-tgz https://registry.npmjs.org/ios-deploy/-/ios-deploy-1.0.4.tgz
96 silly lockFile b5e1679b--ios-deploy-ios-deploy-1-0-4-tgz https://registry.npmjs.org/ios-deploy/-/ios-deploy-1.0.4.tgz
97 silly lockFile 8b40e901-ios-deploy-1-0-4 ios-deploy@1.0.4
98 silly lockFile 8b40e901-ios-deploy-1-0-4 ios-deploy@1.0.4
99 silly lockFile 9c508a6b-ios-deploy ios-deploy@
100 silly lockFile 9c508a6b-ios-deploy ios-deploy@
101 silly resolved [ { name: 'ios-deploy',
101 silly resolved     version: '1.0.4',
101 silly resolved     description: 'launch iOS apps iOS devices from the command line (Xcode 4)',
101 silly resolved     main: 'ios-deploy',
101 silly resolved     scripts: { preinstall: 'make ios-deploy' },
101 silly resolved     bin: { 'ios-deploy': './ios-deploy' },
101 silly resolved     repository: { type: 'git', url: 'https://github.com/phonegap/ios-deploy' },
101 silly resolved     keywords: [ 'ios-deploy', 'deploy to iOS device' ],
101 silly resolved     author: { name: 'Greg Hughes' },
101 silly resolved     license: 'GPLv3',
101 silly resolved     readme: 'ios-deploy\n==========\nInstall and debug iPhone apps without using Xcode. Designed to work on unjailbroken devices.\n\n## Requirements\n\n* Mac OS X. Tested on Snow Leopard only.\n* You need to have a valid iPhone development certificate installed.\n* Xcode must be installed, along with the SDK for your iOS version.\n\n## Usage\n\n./ios-deploy [OPTION]...\n  -d, --debug                  launch the app in GDB after installation\n  -i, --id <device_id>         the id of the device to connect to\n  -c, --detect                 only detect if the device is connected\n  -b, --bundle <bundle.app>    the path to the app bundle to be installed\n  -a, --args <args>            command line arguments to pass to the app when launching it\n  -t, --timeout <timeout>      number of seconds to wait for a device to be connected\n  -u, --unbuffered             don\'t buffer stdout\n  -g, --gdbargs <args>         extra arguments to pass to GDB when starting the debugger\n  -x, --gdbexec <file>         GDB commands script file\n  -n, --nostart                do not start the app when debugging\n  -v, --verbose                enable verbose output\n  -m, --noinstall              directly start debugging without app install (-d not required) \n  -V, --version                print the executable version\n\n## Demo\n\n* The included demo.app represents the minimum required to get code running on iOS.\n* `make install` will install demo.app to the device.\n* `make debug` will install demo.app and launch a GDB session.\n\n## Notes\n\n* With some modifications, it may be possible to use this without Xcode installed; however, you would need a copy of the relevant DeveloperDiskImage.dmg (included with Xcode). GDB would also run slower as symbols would be downloaded from the device on-the-fly.\n\n\n## Listing Device Ids\n\nDevice Ids are the UDIDs of the iOS devices. From the command line, you can list device ids [this way](http://javierhz.blogspot.com/2012/06/how-to-get-udid-of-iphone-using-shell.html):\n\n        system_profiler SPUSBDataType | sed -n -e \'/iPad/,/Serial/p\' -e \'/iPhone/,/Serial/p\' | grep "Serial Number:" | awk -F ": " \'{print $2}\'\n',
101 silly resolved     readmeFilename: 'README.md',
101 silly resolved     bugs: { url: 'https://github.com/phonegap/ios-deploy/issues' },
101 silly resolved     _id: 'ios-deploy@1.0.4',
101 silly resolved     dist: { shasum: '4ba0ff059c446f5bcb9c8d081c59eda0b640c3d6' },
101 silly resolved     _from: 'ios-deploy@',
101 silly resolved     _resolved: 'https://registry.npmjs.org/ios-deploy/-/ios-deploy-1.0.4.tgz' } ]
102 info install ios-deploy@1.0.4 into /Users/nfento/local/lib
103 info installOne ios-deploy@1.0.4
104 info /Users/nfento/local/lib/node_modules/ios-deploy unbuild
105 verbose tar unpack /Users/nfento/.npm/ios-deploy/1.0.4/package.tgz
106 silly lockFile 83ca72ff-ocal-lib-node-modules-ios-deploy tar:///Users/nfento/local/lib/node_modules/ios-deploy
107 verbose lock tar:///Users/nfento/local/lib/node_modules/ios-deploy /Users/nfento/.npm/83ca72ff-ocal-lib-node-modules-ios-deploy.lock
108 silly lockFile 87a8e268-npm-ios-deploy-1-0-4-package-tgz tar:///Users/nfento/.npm/ios-deploy/1.0.4/package.tgz
109 verbose lock tar:///Users/nfento/.npm/ios-deploy/1.0.4/package.tgz /Users/nfento/.npm/87a8e268-npm-ios-deploy-1-0-4-package-tgz.lock
110 silly gunzTarPerm modes [ '755', '644' ]
111 silly gunzTarPerm extractEntry package.json
112 silly gunzTarPerm extractEntry .npmignore
113 silly gunzTarPerm extractEntry README.md
114 silly gunzTarPerm extractEntry LICENSE
115 silly gunzTarPerm extractEntry Info.plist
116 silly gunzTarPerm extractEntry Makefile
117 silly gunzTarPerm extractEntry Entitlements.plist
118 silly gunzTarPerm extractEntry ResourceRules.plist
119 silly gunzTarPerm extractEntry demo.c
120 silly gunzTarPerm extractEntry ios-deploy.c
121 silly gunzTarPerm extractEntry MobileDevice.h
122 silly lockFile 83ca72ff-ocal-lib-node-modules-ios-deploy tar:///Users/nfento/local/lib/node_modules/ios-deploy
123 silly lockFile 83ca72ff-ocal-lib-node-modules-ios-deploy tar:///Users/nfento/local/lib/node_modules/ios-deploy
124 silly lockFile 87a8e268-npm-ios-deploy-1-0-4-package-tgz tar:///Users/nfento/.npm/ios-deploy/1.0.4/package.tgz
125 silly lockFile 87a8e268-npm-ios-deploy-1-0-4-package-tgz tar:///Users/nfento/.npm/ios-deploy/1.0.4/package.tgz
126 info preinstall ios-deploy@1.0.4
127 verbose unsafe-perm in lifecycle true
128 verbose readDependencies using package.json deps
129 verbose readDependencies using package.json deps
130 silly resolved []
131 verbose about to build /Users/nfento/local/lib/node_modules/ios-deploy
132 info build /Users/nfento/local/lib/node_modules/ios-deploy
133 verbose linkStuff [ true,
133 verbose linkStuff   '/Users/nfento/local/lib/node_modules',
133 verbose linkStuff   true,
133 verbose linkStuff   '/Users/nfento/local/lib/node_modules' ]
134 info linkStuff ios-deploy@1.0.4
135 verbose linkBins ios-deploy@1.0.4
136 verbose link bins [ { 'ios-deploy': './ios-deploy' },
136 verbose link bins   '/Users/nfento/local/bin',
136 verbose link bins   true ]
137 verbose linkMans ios-deploy@1.0.4
138 verbose rebuildBundles ios-deploy@1.0.4
139 info install ios-deploy@1.0.4
140 info postinstall ios-deploy@1.0.4
141 error peerinvalid The package generator-karma does not satisfy its siblings' peerDependencies requirements!
141 error peerinvalid Peer generator-angular@0.4.0 wants generator-karma@~0.5.0
142 error System Darwin 12.5.0
143 error command "/usr/local/Cellar/node/0.10.21/bin/node" "/usr/local/bin/npm" "install" "-g" "ios-deploy"
144 error cwd /Users/nfento/Projects/lcbo-ionic
145 error node -v v0.10.21
146 error npm -v 1.3.11
147 error code EPEERINVALID
148 verbose exit [ 1, true ]
